Using pre-set license
Built from '2020.3/release' branch; Version is '2020.3.12f1 (b3b2c6512326) revision 11776710'; Using compiler version '192528614'; Build Type 'Release'
OS: 'Windows 10 Home; OS build 19042.1083; Version 2009; 64bit' Language: 'zh' Physical Memory: 32684 MB
BatchMode: 1, IsHumanControllingUs: 0, StartBugReporterOnCrash: 0, Is64bit: 1, IsPro: 0

 COMMAND LINE ARGUMENTS:
D:\Unity\2020.3.12f1\Editor\Unity.exe
-adb2
-batchMode
-noUpm
-name
AssetImportWorker0
-projectPath
D:/Unity_Assignment/Week3_Unity_KID_Practice_Physics2DAndSound/Practice_Physics2DAndSound
-logFile
Logs/AssetImportWorker0.log
-srvPort
56780
Successfully changed project path to: D:/Unity_Assignment/Week3_Unity_KID_Practice_Physics2DAndSound/Practice_Physics2DAndSound
D:/Unity_Assignment/Week3_Unity_KID_Practice_Physics2DAndSound/Practice_Physics2DAndSound
Using Asset Import Pipeline V2.
Refreshing native plugins compatible for Editor in 36.87 ms, found 3 plugins.
Preloading 0 native plugins for Editor in 0.00 ms.
Initialize engine version: 2020.3.12f1 (b3b2c6512326)
[Subsystems] Discovering subsystems at path D:/Unity/2020.3.12f1/Editor/Data/Resources/UnitySubsystems
[Subsystems] Discovering subsystems at path D:/Unity_Assignment/Week3_Unity_KID_Practice_Physics2DAndSound/Practice_Physics2DAndSound/Assets
GfxDevice: creating device client; threaded=0
Direct3D:
    Version:  Direct3D 11.0 [level 11.1]
    Renderer: AMD Radeon VII (ID=0x66af)
    Vendor:   
    VRAM:     16311 MB
    Driver:   27.20.22001.14011
Initialize mono
Mono path[0] = 'D:/Unity/2020.3.12f1/Editor/Data/Managed'
Mono path[1] = 'D:/Unity/2020.3.12f1/Editor/Data/MonoBleedingEdge/lib/mono/unityjit'
Mono config path = 'D:/Unity/2020.3.12f1/Editor/Data/MonoBleedingEdge/etc'
Using monoOptions --debugger-agent=transport=dt_socket,embedding=1,server=y,suspend=n,address=127.0.0.1:56676
Begin MonoManager ReloadAssembly
Registering precompiled unity dll's ...
Register platform support module: D:/Unity/2020.3.12f1/Editor/Data/PlaybackEngines/WindowsStandaloneSupport/UnityEditor.WindowsStandalone.Extensions.dll
Registered in 0.000964 seconds.
Native extension for WindowsStandalone target not found
Refreshing native plugins compatible for Editor in 35.55 ms, found 3 plugins.
Preloading 0 native plugins for Editor in 0.00 ms.
Mono: successfully reloaded assembly
- Completed reload, in  0.867 seconds
Platform modules already initialized, skipping
Registering precompiled user dll's ...
Registered in 0.002963 seconds.
Begin MonoManager ReloadAssembly
Native extension for WindowsStandalone target not found
Refreshing native plugins compatible for Editor in 34.85 ms, found 3 plugins.
Preloading 0 native plugins for Editor in 0.00 ms.
Mono: successfully reloaded assembly
- Completed reload, in  0.874 seconds
Platform modules already initialized, skipping
========================================================================
Worker process is ready to serve import requests
Launched and connected shader compiler UnityShaderCompiler.exe after 0.04 seconds
Refreshing native plugins compatible for Editor in 0.43 ms, found 3 plugins.
Preloading 0 native plugins for Editor in 0.00 ms.
Unloading 2081 Unused Serialized files (Serialized files now loaded: 0)
System memory in use before: 93.4 MB.
System memory in use after: 93.5 MB.

Unloading 28 unused Assets to reduce memory usage. Loaded Objects now: 2519.
Total: 1.861200 ms (FindLiveObjects: 0.181800 ms CreateObjectMapping: 0.046600 ms MarkObjects: 1.573000 ms  DeleteObjects: 0.058900 ms)

AssetImportParameters requested are different than current active one (requested -> active):
  custom:framework-win-MediaFoundation: 216162199b28c13a410421893ffa2e32 -> 
  custom:video-decoder-ogg-theora: a1e56fd34408186e4bbccfd4996cb3dc -> 
  custom:container-muxer-webm: aa71ff27fc2769a1b78a27578f13a17b -> 
  custom:container-demuxer-webm: 4f35f7cbe854078d1ac9338744f61a02 -> 
  custom:container-demuxer-ogg: 62fdf1f143b41e24485cea50d1cbac27 -> 
  custom:video-encoder-webm-vp8: eb34c28f22e8b96e1ab97ce403110664 -> 
  custom:video-decoder-webm-vp8: 9c59270c3fd7afecdb556c50c9e8de78 -> 
  custom:audio-decoder-ogg-vorbis: bf7c407c2cedff20999df2af8eb42d56 -> 
  custom:audio-encoder-webm-vorbis: bf7c407c2cedff20999df2af8eb42d56 -> 
========================================================================
Received Import Request.
  path: Assets/遊戲場景.unity
  artifactKey: Guid(2cda990e2423bbf4892e6590ba056729) Importer(815301076,1909f56bfc062723c751e8b465ee728b)
Start importing Assets/遊戲場景.unity using Guid(2cda990e2423bbf4892e6590ba056729) Importer(815301076,1909f56bfc062723c751e8b465ee728b)  -> (artifact id: '34c88ffda32e87d5bbc688f3c154227c') in 0.016600 seconds 
  Import took 0.019349 seconds .

========================================================================
Received Import Request.
  Time since last request: 9.605301 seconds.
  path: Assets/KID
  artifactKey: Guid(da6413b6e1e230049a519295ea6c7d0d) Importer(815301076,1909f56bfc062723c751e8b465ee728b)
Start importing Assets/KID using Guid(da6413b6e1e230049a519295ea6c7d0d) Importer(815301076,1909f56bfc062723c751e8b465ee728b)  -> (artifact id: '56d588ed450309a3c34e0714ea342275') in 0.005769 seconds 
  Import took 0.008508 seconds .

========================================================================
Received Import Request.
  Time since last request: 0.090008 seconds.
  path: Assets/KID/KID_LOGO_GRAY_1024.png
  artifactKey: Guid(16c3838d3039b4f4fa14d1ba04e4079e) Importer(815301076,1909f56bfc062723c751e8b465ee728b)
Start importing Assets/KID/KID_LOGO_GRAY_1024.png using Guid(16c3838d3039b4f4fa14d1ba04e4079e) Importer(815301076,1909f56bfc062723c751e8b465ee728b)  -> (artifact id: 'ee4af9392d7873de152e044b0e8b60a9') in 0.100725 seconds 
  Import took 0.103496 seconds .

========================================================================
Received Import Request.
  Time since last request: 0.000113 seconds.
  path: Assets/KID/setofont.ttf
  artifactKey: Guid(72e912a385f03ed418bbb95fc93ce907) Importer(815301076,1909f56bfc062723c751e8b465ee728b)
Start importing Assets/KID/setofont.ttf using Guid(72e912a385f03ed418bbb95fc93ce907) Importer(815301076,1909f56bfc062723c751e8b465ee728b)  -> (artifact id: 'f79dccdd9786d74b5a1ecf344015cd8e') in 0.056831 seconds 
  Import took 0.059587 seconds .

========================================================================
Received Prepare
Registering precompiled user dll's ...
Registered in 0.002937 seconds.
Begin MonoManager ReloadAssembly
Native extension for WindowsStandalone target not found
Refreshing native plugins compatible for Editor in 0.43 ms, found 3 plugins.
Preloading 0 native plugins for Editor in 0.00 ms.
Mono: successfully reloaded assembly
- Completed reload, in  0.789 seconds
Platform modules already initialized, skipping
Refreshing native plugins compatible for Editor in 0.43 ms, found 3 plugins.
Preloading 0 native plugins for Editor in 0.00 ms.
Unloading 2071 Unused Serialized files (Serialized files now loaded: 0)
System memory in use before: 96.2 MB.
System memory in use after: 96.3 MB.

Unloading 16 unused Assets to reduce memory usage. Loaded Objects now: 2569.
Total: 1.815000 ms (FindLiveObjects: 0.179100 ms CreateObjectMapping: 0.046200 ms MarkObjects: 1.576000 ms  DeleteObjects: 0.012700 ms)

AssetImportParameters requested are different than current active one (requested -> active):
  custom:framework-win-MediaFoundation: 216162199b28c13a410421893ffa2e32 -> 
  custom:video-decoder-ogg-theora: a1e56fd34408186e4bbccfd4996cb3dc -> 
  custom:container-muxer-webm: aa71ff27fc2769a1b78a27578f13a17b -> 
  custom:container-demuxer-webm: 4f35f7cbe854078d1ac9338744f61a02 -> 
  custom:container-demuxer-ogg: 62fdf1f143b41e24485cea50d1cbac27 -> 
  custom:video-encoder-webm-vp8: eb34c28f22e8b96e1ab97ce403110664 -> 
  custom:video-decoder-webm-vp8: 9c59270c3fd7afecdb556c50c9e8de78 -> 
  custom:audio-decoder-ogg-vorbis: bf7c407c2cedff20999df2af8eb42d56 -> 
  custom:audio-encoder-webm-vorbis: bf7c407c2cedff20999df2af8eb42d56 -> 
========================================================================
Received Prepare
Registering precompiled user dll's ...
Registered in 0.002824 seconds.
Begin MonoManager ReloadAssembly
Native extension for WindowsStandalone target not found
Refreshing native plugins compatible for Editor in 0.46 ms, found 3 plugins.
Preloading 0 native plugins for Editor in 0.00 ms.
Mono: successfully reloaded assembly
- Completed reload, in  0.784 seconds
Platform modules already initialized, skipping
Refreshing native plugins compatible for Editor in 0.40 ms, found 3 plugins.
Preloading 0 native plugins for Editor in 0.00 ms.
Unloading 2071 Unused Serialized files (Serialized files now loaded: 0)
System memory in use before: 96.2 MB.
System memory in use after: 96.4 MB.

Unloading 16 unused Assets to reduce memory usage. Loaded Objects now: 2573.
Total: 1.784000 ms (FindLiveObjects: 0.170300 ms CreateObjectMapping: 0.045700 ms MarkObjects: 1.555100 ms  DeleteObjects: 0.012100 ms)

AssetImportParameters requested are different than current active one (requested -> active):
  custom:framework-win-MediaFoundation: 216162199b28c13a410421893ffa2e32 -> 
  custom:video-decoder-ogg-theora: a1e56fd34408186e4bbccfd4996cb3dc -> 
  custom:container-muxer-webm: aa71ff27fc2769a1b78a27578f13a17b -> 
  custom:container-demuxer-webm: 4f35f7cbe854078d1ac9338744f61a02 -> 
  custom:container-demuxer-ogg: 62fdf1f143b41e24485cea50d1cbac27 -> 
  custom:video-encoder-webm-vp8: eb34c28f22e8b96e1ab97ce403110664 -> 
  custom:video-decoder-webm-vp8: 9c59270c3fd7afecdb556c50c9e8de78 -> 
  custom:audio-decoder-ogg-vorbis: bf7c407c2cedff20999df2af8eb42d56 -> 
  custom:audio-encoder-webm-vorbis: bf7c407c2cedff20999df2af8eb42d56 -> 
========================================================================
Received Prepare
Registering precompiled user dll's ...
Registered in 0.002954 seconds.
Begin MonoManager ReloadAssembly
Native extension for WindowsStandalone target not found
Refreshing native plugins compatible for Editor in 0.44 ms, found 3 plugins.
Preloading 0 native plugins for Editor in 0.00 ms.
Mono: successfully reloaded assembly
- Completed reload, in  0.781 seconds
Platform modules already initialized, skipping
Refreshing native plugins compatible for Editor in 0.41 ms, found 3 plugins.
Preloading 0 native plugins for Editor in 0.00 ms.
Unloading 2071 Unused Serialized files (Serialized files now loaded: 0)
System memory in use before: 96.3 MB.
System memory in use after: 96.4 MB.

Unloading 16 unused Assets to reduce memory usage. Loaded Objects now: 2577.
Total: 1.855300 ms (FindLiveObjects: 0.151200 ms CreateObjectMapping: 0.046400 ms MarkObjects: 1.643000 ms  DeleteObjects: 0.013700 ms)

AssetImportParameters requested are different than current active one (requested -> active):
  custom:framework-win-MediaFoundation: 216162199b28c13a410421893ffa2e32 -> 
  custom:video-decoder-ogg-theora: a1e56fd34408186e4bbccfd4996cb3dc -> 
  custom:container-muxer-webm: aa71ff27fc2769a1b78a27578f13a17b -> 
  custom:container-demuxer-webm: 4f35f7cbe854078d1ac9338744f61a02 -> 
  custom:container-demuxer-ogg: 62fdf1f143b41e24485cea50d1cbac27 -> 
  custom:video-encoder-webm-vp8: eb34c28f22e8b96e1ab97ce403110664 -> 
  custom:video-decoder-webm-vp8: 9c59270c3fd7afecdb556c50c9e8de78 -> 
  custom:audio-decoder-ogg-vorbis: bf7c407c2cedff20999df2af8eb42d56 -> 
  custom:audio-encoder-webm-vorbis: bf7c407c2cedff20999df2af8eb42d56 -> 
========================================================================
Received Prepare
Registering precompiled user dll's ...
Registered in 0.002942 seconds.
Begin MonoManager ReloadAssembly
Native extension for WindowsStandalone target not found
Refreshing native plugins compatible for Editor in 0.45 ms, found 3 plugins.
Preloading 0 native plugins for Editor in 0.00 ms.
Mono: successfully reloaded assembly
- Completed reload, in  0.777 seconds
Platform modules already initialized, skipping
Refreshing native plugins compatible for Editor in 0.38 ms, found 3 plugins.
Preloading 0 native plugins for Editor in 0.00 ms.
Unloading 2071 Unused Serialized files (Serialized files now loaded: 0)
System memory in use before: 96.3 MB.
System memory in use after: 96.4 MB.

Unloading 16 unused Assets to reduce memory usage. Loaded Objects now: 2581.
Total: 1.821900 ms (FindLiveObjects: 0.196900 ms CreateObjectMapping: 0.047300 ms MarkObjects: 1.564900 ms  DeleteObjects: 0.011900 ms)

AssetImportParameters requested are different than current active one (requested -> active):
  custom:framework-win-MediaFoundation: 216162199b28c13a410421893ffa2e32 -> 
  custom:video-decoder-ogg-theora: a1e56fd34408186e4bbccfd4996cb3dc -> 
  custom:container-muxer-webm: aa71ff27fc2769a1b78a27578f13a17b -> 
  custom:container-demuxer-webm: 4f35f7cbe854078d1ac9338744f61a02 -> 
  custom:container-demuxer-ogg: 62fdf1f143b41e24485cea50d1cbac27 -> 
  custom:video-encoder-webm-vp8: eb34c28f22e8b96e1ab97ce403110664 -> 
  custom:video-decoder-webm-vp8: 9c59270c3fd7afecdb556c50c9e8de78 -> 
  custom:audio-decoder-ogg-vorbis: bf7c407c2cedff20999df2af8eb42d56 -> 
  custom:audio-encoder-webm-vorbis: bf7c407c2cedff20999df2af8eb42d56 -> 
========================================================================
Received Prepare
Registering precompiled user dll's ...
Registered in 0.002935 seconds.
Begin MonoManager ReloadAssembly
Native extension for WindowsStandalone target not found
Refreshing native plugins compatible for Editor in 0.38 ms, found 3 plugins.
Preloading 0 native plugins for Editor in 0.00 ms.
Mono: successfully reloaded assembly
- Completed reload, in  0.777 seconds
Platform modules already initialized, skipping
Refreshing native plugins compatible for Editor in 0.35 ms, found 3 plugins.
Preloading 0 native plugins for Editor in 0.00 ms.
Unloading 2071 Unused Serialized files (Serialized files now loaded: 0)
System memory in use before: 96.3 MB.
System memory in use after: 96.4 MB.

Unloading 16 unused Assets to reduce memory usage. Loaded Objects now: 2585.
Total: 1.820600 ms (FindLiveObjects: 0.178400 ms CreateObjectMapping: 0.046300 ms MarkObjects: 1.583300 ms  DeleteObjects: 0.011400 ms)

AssetImportParameters requested are different than current active one (requested -> active):
  custom:framework-win-MediaFoundation: 216162199b28c13a410421893ffa2e32 -> 
  custom:video-decoder-ogg-theora: a1e56fd34408186e4bbccfd4996cb3dc -> 
  custom:container-muxer-webm: aa71ff27fc2769a1b78a27578f13a17b -> 
  custom:container-demuxer-webm: 4f35f7cbe854078d1ac9338744f61a02 -> 
  custom:container-demuxer-ogg: 62fdf1f143b41e24485cea50d1cbac27 -> 
  custom:video-encoder-webm-vp8: eb34c28f22e8b96e1ab97ce403110664 -> 
  custom:video-decoder-webm-vp8: 9c59270c3fd7afecdb556c50c9e8de78 -> 
  custom:audio-decoder-ogg-vorbis: bf7c407c2cedff20999df2af8eb42d56 -> 
  custom:audio-encoder-webm-vorbis: bf7c407c2cedff20999df2af8eb42d56 -> 
========================================================================
Received Prepare
Registering precompiled user dll's ...
Registered in 0.002904 seconds.
Begin MonoManager ReloadAssembly
Native extension for WindowsStandalone target not found
Refreshing native plugins compatible for Editor in 0.45 ms, found 3 plugins.
Preloading 0 native plugins for Editor in 0.00 ms.
Mono: successfully reloaded assembly
- Completed reload, in  0.772 seconds
Platform modules already initialized, skipping
Refreshing native plugins compatible for Editor in 0.42 ms, found 3 plugins.
Preloading 0 native plugins for Editor in 0.00 ms.
Unloading 2071 Unused Serialized files (Serialized files now loaded: 0)
System memory in use before: 96.3 MB.
System memory in use after: 96.4 MB.

Unloading 16 unused Assets to reduce memory usage. Loaded Objects now: 2589.
Total: 1.903000 ms (FindLiveObjects: 0.234600 ms CreateObjectMapping: 0.052300 ms MarkObjects: 1.600200 ms  DeleteObjects: 0.014700 ms)

AssetImportParameters requested are different than current active one (requested -> active):
  custom:framework-win-MediaFoundation: 216162199b28c13a410421893ffa2e32 -> 
  custom:video-decoder-ogg-theora: a1e56fd34408186e4bbccfd4996cb3dc -> 
  custom:container-muxer-webm: aa71ff27fc2769a1b78a27578f13a17b -> 
  custom:container-demuxer-webm: 4f35f7cbe854078d1ac9338744f61a02 -> 
  custom:container-demuxer-ogg: 62fdf1f143b41e24485cea50d1cbac27 -> 
  custom:video-encoder-webm-vp8: eb34c28f22e8b96e1ab97ce403110664 -> 
  custom:video-decoder-webm-vp8: 9c59270c3fd7afecdb556c50c9e8de78 -> 
  custom:audio-decoder-ogg-vorbis: bf7c407c2cedff20999df2af8eb42d56 -> 
  custom:audio-encoder-webm-vorbis: bf7c407c2cedff20999df2af8eb42d56 -> 
========================================================================
Received Import Request.
  Time since last request: 458.862547 seconds.
  path: Assets/KID/Pixel Adventure 1/Scenes
  artifactKey: Guid(dbc7f956d9ee8744ba00759404b21d27) Importer(815301076,1909f56bfc062723c751e8b465ee728b)
Start importing Assets/KID/Pixel Adventure 1/Scenes using Guid(dbc7f956d9ee8744ba00759404b21d27) Importer(815301076,1909f56bfc062723c751e8b465ee728b)  -> (artifact id: '3bc0451afb5c5841badfdf54820491ad') in 0.007300 seconds 
  Import took 0.010153 seconds .

========================================================================
Received Import Request.
  Time since last request: 5.992943 seconds.
  path: Assets/KID/Pixel Adventure 1/Assets/Items/Boxes/Box1
  artifactKey: Guid(7a12092f6ff79404e9e7c4977fd075b9) Importer(815301076,1909f56bfc062723c751e8b465ee728b)
Start importing Assets/KID/Pixel Adventure 1/Assets/Items/Boxes/Box1 using Guid(7a12092f6ff79404e9e7c4977fd075b9) Importer(815301076,1909f56bfc062723c751e8b465ee728b)  -> (artifact id: 'e72c6324650cf9a63f8ba66c52cf144d') in 0.005603 seconds 
  Import took 0.008309 seconds .

========================================================================
Received Import Request.
  Time since last request: 0.161419 seconds.
  path: Assets/KID/Pixel Adventure 1/Assets/Items/Boxes/Box1/Break (28x24).png
  artifactKey: Guid(79022f0c1a1c5ce42bcba2ca880ef7fe) Importer(815301076,1909f56bfc062723c751e8b465ee728b)
Start importing Assets/KID/Pixel Adventure 1/Assets/Items/Boxes/Box1/Break (28x24).png using Guid(79022f0c1a1c5ce42bcba2ca880ef7fe) Importer(815301076,1909f56bfc062723c751e8b465ee728b)  -> (artifact id: '99f37e3ceed806fe2997e9689d202057') in 0.037244 seconds 
  Import took 0.040055 seconds .

========================================================================
Received Import Request.
  Time since last request: 0.000116 seconds.
  path: Assets/KID/Pixel Adventure 1/Assets/Items/Boxes/Box1/Idle.png
  artifactKey: Guid(48fd9917466ade44fa9bfd8326fab049) Importer(815301076,1909f56bfc062723c751e8b465ee728b)
Start importing Assets/KID/Pixel Adventure 1/Assets/Items/Boxes/Box1/Idle.png using Guid(48fd9917466ade44fa9bfd8326fab049) Importer(815301076,1909f56bfc062723c751e8b465ee728b)  -> (artifact id: '028a7cc3686ce5527734f12158b16713') in 0.011398 seconds 
  Import took 0.013908 seconds .

========================================================================
Received Import Request.
  Time since last request: 0.000128 seconds.
  path: Assets/KID/Pixel Adventure 1/Assets/Items/Boxes/Box1/Hit (28x24).png
  artifactKey: Guid(e3ec232265f6ad147aa2aa71472516d9) Importer(815301076,1909f56bfc062723c751e8b465ee728b)
Start importing Assets/KID/Pixel Adventure 1/Assets/Items/Boxes/Box1/Hit (28x24).png using Guid(e3ec232265f6ad147aa2aa71472516d9) Importer(815301076,1909f56bfc062723c751e8b465ee728b)  -> (artifact id: 'fffcb58d076c6423d92578a7959c3da6') in 0.009340 seconds 
  Import took 0.011924 seconds .

========================================================================
Received Prepare
Registering precompiled user dll's ...
Registered in 0.002892 seconds.
Begin MonoManager ReloadAssembly
Native extension for WindowsStandalone target not found
Refreshing native plugins compatible for Editor in 0.44 ms, found 3 plugins.
Preloading 0 native plugins for Editor in 0.00 ms.
Mono: successfully reloaded assembly
- Completed reload, in  0.778 seconds
Platform modules already initialized, skipping
Refreshing native plugins compatible for Editor in 0.44 ms, found 3 plugins.
Preloading 0 native plugins for Editor in 0.00 ms.
Unloading 2071 Unused Serialized files (Serialized files now loaded: 0)
System memory in use before: 96.3 MB.
System memory in use after: 96.4 MB.

Unloading 16 unused Assets to reduce memory usage. Loaded Objects now: 2598.
Total: 1.838900 ms (FindLiveObjects: 0.196300 ms CreateObjectMapping: 0.047700 ms MarkObjects: 1.580500 ms  DeleteObjects: 0.013400 ms)

AssetImportParameters requested are different than current active one (requested -> active):
  custom:framework-win-MediaFoundation: 216162199b28c13a410421893ffa2e32 -> 
  custom:video-decoder-ogg-theora: a1e56fd34408186e4bbccfd4996cb3dc -> 
  custom:container-muxer-webm: aa71ff27fc2769a1b78a27578f13a17b -> 
  custom:container-demuxer-webm: 4f35f7cbe854078d1ac9338744f61a02 -> 
  custom:container-demuxer-ogg: 62fdf1f143b41e24485cea50d1cbac27 -> 
  custom:video-encoder-webm-vp8: eb34c28f22e8b96e1ab97ce403110664 -> 
  custom:video-decoder-webm-vp8: 9c59270c3fd7afecdb556c50c9e8de78 -> 
  custom:audio-decoder-ogg-vorbis: bf7c407c2cedff20999df2af8eb42d56 -> 
  custom:audio-encoder-webm-vorbis: bf7c407c2cedff20999df2af8eb42d56 -> 
========================================================================
Received Prepare
Registering precompiled user dll's ...
Registered in 0.002892 seconds.
Begin MonoManager ReloadAssembly
Native extension for WindowsStandalone target not found
Refreshing native plugins compatible for Editor in 0.44 ms, found 3 plugins.
Preloading 0 native plugins for Editor in 0.00 ms.
Mono: successfully reloaded assembly
- Completed reload, in  0.770 seconds
Platform modules already initialized, skipping
Refreshing native plugins compatible for Editor in 0.42 ms, found 3 plugins.
Preloading 0 native plugins for Editor in 0.00 ms.
Unloading 2071 Unused Serialized files (Serialized files now loaded: 0)
System memory in use before: 96.3 MB.
System memory in use after: 96.5 MB.

Unloading 16 unused Assets to reduce memory usage. Loaded Objects now: 2602.
Total: 1.817100 ms (FindLiveObjects: 0.181900 ms CreateObjectMapping: 0.045500 ms MarkObjects: 1.576200 ms  DeleteObjects: 0.012700 ms)

AssetImportParameters requested are different than current active one (requested -> active):
  custom:framework-win-MediaFoundation: 216162199b28c13a410421893ffa2e32 -> 
  custom:video-decoder-ogg-theora: a1e56fd34408186e4bbccfd4996cb3dc -> 
  custom:container-muxer-webm: aa71ff27fc2769a1b78a27578f13a17b -> 
  custom:container-demuxer-webm: 4f35f7cbe854078d1ac9338744f61a02 -> 
  custom:container-demuxer-ogg: 62fdf1f143b41e24485cea50d1cbac27 -> 
  custom:video-encoder-webm-vp8: eb34c28f22e8b96e1ab97ce403110664 -> 
  custom:video-decoder-webm-vp8: 9c59270c3fd7afecdb556c50c9e8de78 -> 
  custom:audio-decoder-ogg-vorbis: bf7c407c2cedff20999df2af8eb42d56 -> 
  custom:audio-encoder-webm-vorbis: bf7c407c2cedff20999df2af8eb42d56 -> 
========================================================================
Received Prepare
Registering precompiled user dll's ...
Registered in 0.002936 seconds.
Begin MonoManager ReloadAssembly
Native extension for WindowsStandalone target not found
Refreshing native plugins compatible for Editor in 0.38 ms, found 3 plugins.
Preloading 0 native plugins for Editor in 0.00 ms.
Mono: successfully reloaded assembly
- Completed reload, in  0.785 seconds
Platform modules already initialized, skipping
Refreshing native plugins compatible for Editor in 0.42 ms, found 3 plugins.
Preloading 0 native plugins for Editor in 0.00 ms.
Unloading 2071 Unused Serialized files (Serialized files now loaded: 0)
System memory in use before: 96.3 MB.
System memory in use after: 96.5 MB.

Unloading 16 unused Assets to reduce memory usage. Loaded Objects now: 2606.
Total: 1.856000 ms (FindLiveObjects: 0.221800 ms CreateObjectMapping: 0.047200 ms MarkObjects: 1.571000 ms  DeleteObjects: 0.014600 ms)

AssetImportParameters requested are different than current active one (requested -> active):
  custom:framework-win-MediaFoundation: 216162199b28c13a410421893ffa2e32 -> 
  custom:video-decoder-ogg-theora: a1e56fd34408186e4bbccfd4996cb3dc -> 
  custom:container-muxer-webm: aa71ff27fc2769a1b78a27578f13a17b -> 
  custom:container-demuxer-webm: 4f35f7cbe854078d1ac9338744f61a02 -> 
  custom:container-demuxer-ogg: 62fdf1f143b41e24485cea50d1cbac27 -> 
  custom:video-encoder-webm-vp8: eb34c28f22e8b96e1ab97ce403110664 -> 
  custom:video-decoder-webm-vp8: 9c59270c3fd7afecdb556c50c9e8de78 -> 
  custom:audio-decoder-ogg-vorbis: bf7c407c2cedff20999df2af8eb42d56 -> 
  custom:audio-encoder-webm-vorbis: bf7c407c2cedff20999df2af8eb42d56 -> 
========================================================================
Received Prepare
Registering precompiled user dll's ...
Registered in 0.002926 seconds.
Begin MonoManager ReloadAssembly
Native extension for WindowsStandalone target not found
Refreshing native plugins compatible for Editor in 0.46 ms, found 3 plugins.
Preloading 0 native plugins for Editor in 0.00 ms.
Mono: successfully reloaded assembly
- Completed reload, in  0.771 seconds
Platform modules already initialized, skipping
Refreshing native plugins compatible for Editor in 0.32 ms, found 3 plugins.
Preloading 0 native plugins for Editor in 0.00 ms.
Unloading 2071 Unused Serialized files (Serialized files now loaded: 0)
System memory in use before: 96.3 MB.
System memory in use after: 96.5 MB.

Unloading 16 unused Assets to reduce memory usage. Loaded Objects now: 2610.
Total: 1.757500 ms (FindLiveObjects: 0.171600 ms CreateObjectMapping: 0.047800 ms MarkObjects: 1.525900 ms  DeleteObjects: 0.011400 ms)

AssetImportParameters requested are different than current active one (requested -> active):
  custom:framework-win-MediaFoundation: 216162199b28c13a410421893ffa2e32 -> 
  custom:video-decoder-ogg-theora: a1e56fd34408186e4bbccfd4996cb3dc -> 
  custom:container-muxer-webm: aa71ff27fc2769a1b78a27578f13a17b -> 
  custom:container-demuxer-webm: 4f35f7cbe854078d1ac9338744f61a02 -> 
  custom:container-demuxer-ogg: 62fdf1f143b41e24485cea50d1cbac27 -> 
  custom:video-encoder-webm-vp8: eb34c28f22e8b96e1ab97ce403110664 -> 
  custom:video-decoder-webm-vp8: 9c59270c3fd7afecdb556c50c9e8de78 -> 
  custom:audio-decoder-ogg-vorbis: bf7c407c2cedff20999df2af8eb42d56 -> 
  custom:audio-encoder-webm-vorbis: bf7c407c2cedff20999df2af8eb42d56 -> 
========================================================================
Received Import Request.
  Time since last request: 1058.807508 seconds.
  path: Assets/KID/Pixel Adventure 1/Assets/Main Characters/Appearing (96x96).png
  artifactKey: Guid(3421078018dc3934a8c1ab3b7bf89aa0) Importer(815301076,1909f56bfc062723c751e8b465ee728b)
Start importing Assets/KID/Pixel Adventure 1/Assets/Main Characters/Appearing (96x96).png using Guid(3421078018dc3934a8c1ab3b7bf89aa0) Importer(815301076,1909f56bfc062723c751e8b465ee728b)  -> (artifact id: '856e86baf0b9a9e9eace8cd940f0865a') in 0.048980 seconds 
  Import took 0.052097 seconds .

========================================================================
Received Import Request.
  Time since last request: 0.000110 seconds.
  path: Assets/KID/Pixel Adventure 1/Assets/Items/Fruits/Apple.png
  artifactKey: Guid(1ddc9afd21fec77489b1248d18f31b68) Importer(815301076,1909f56bfc062723c751e8b465ee728b)
Start importing Assets/KID/Pixel Adventure 1/Assets/Items/Fruits/Apple.png using Guid(1ddc9afd21fec77489b1248d18f31b68) Importer(815301076,1909f56bfc062723c751e8b465ee728b)  -> (artifact id: '6bf7934941da3e0c1923720d993a1b79') in 0.023754 seconds 
  Import took 0.026326 seconds .

========================================================================
Received Import Request.
  Time since last request: 0.003288 seconds.
  path: Assets/KID/Pixel Adventure 1/Assets/Items/Fruits/Apple.png
  artifactKey: Guid(1ddc9afd21fec77489b1248d18f31b68) Importer(815301076,1909f56bfc062723c751e8b465ee728b)
Start importing Assets/KID/Pixel Adventure 1/Assets/Items/Fruits/Apple.png using Guid(1ddc9afd21fec77489b1248d18f31b68) Importer(815301076,1909f56bfc062723c751e8b465ee728b)  -> (artifact id: '6bf7934941da3e0c1923720d993a1b79') in 0.020244 seconds 
  Import took 0.022800 seconds .

========================================================================
Received Import Request.
  Time since last request: 3.218290 seconds.
  path: Assets/KID/Pixel Adventure 1/Assets/Other/Shadow.png
  artifactKey: Guid(38ea9af89efd60b4ab324ed5b168cb13) Importer(815301076,1909f56bfc062723c751e8b465ee728b)
Start importing Assets/KID/Pixel Adventure 1/Assets/Other/Shadow.png using Guid(38ea9af89efd60b4ab324ed5b168cb13) Importer(815301076,1909f56bfc062723c751e8b465ee728b)  -> (artifact id: '7f60698db927af6e9dfaed09016feae7') in 0.009103 seconds 
  Import took 0.012067 seconds .

========================================================================
Received Import Request.
  Time since last request: 19.557242 seconds.
  path: Assets/KID/Pixel Adventure 1
  artifactKey: Guid(9e85e247f4309a44fb56f5ce094d18df) Importer(815301076,1909f56bfc062723c751e8b465ee728b)
Start importing Assets/KID/Pixel Adventure 1 using Guid(9e85e247f4309a44fb56f5ce094d18df) Importer(815301076,1909f56bfc062723c751e8b465ee728b)  -> (artifact id: '939c78ffec6c022ba804046407cc8e84') in 0.005567 seconds 
  Import took 0.008440 seconds .

========================================================================
Received Import Request.
  Time since last request: 0.607072 seconds.
  path: Assets/KID/Replay.cs
  artifactKey: Guid(ba725ef18f9339e41948e5d44f296ea8) Importer(815301076,1909f56bfc062723c751e8b465ee728b)
Start importing Assets/KID/Replay.cs using Guid(ba725ef18f9339e41948e5d44f296ea8) Importer(815301076,1909f56bfc062723c751e8b465ee728b)  -> (artifact id: '2ceb4a2d86f318020de992c22565de01') in 0.011053 seconds 
  Import took 0.013956 seconds .

========================================================================
Received Import Request.
  Time since last request: 0.000988 seconds.
  path: Assets/KID/Replay.cs
  artifactKey: Guid(ba725ef18f9339e41948e5d44f296ea8) Importer(815301076,1909f56bfc062723c751e8b465ee728b)
Start importing Assets/KID/Replay.cs using Guid(ba725ef18f9339e41948e5d44f296ea8) Importer(815301076,1909f56bfc062723c751e8b465ee728b)  -> (artifact id: '2ceb4a2d86f318020de992c22565de01') in 0.001635 seconds 
  Import took 0.004509 seconds .

========================================================================
Received Prepare
Registering precompiled user dll's ...
Registered in 0.002967 seconds.
Begin MonoManager ReloadAssembly
Native extension for WindowsStandalone target not found
Refreshing native plugins compatible for Editor in 0.44 ms, found 3 plugins.
Preloading 0 native plugins for Editor in 0.00 ms.
Mono: successfully reloaded assembly
- Completed reload, in  0.784 seconds
Platform modules already initialized, skipping
Refreshing native plugins compatible for Editor in 0.38 ms, found 3 plugins.
Preloading 0 native plugins for Editor in 0.00 ms.
Unloading 2071 Unused Serialized files (Serialized files now loaded: 0)
System memory in use before: 96.4 MB.
System memory in use after: 96.5 MB.

Unloading 16 unused Assets to reduce memory usage. Loaded Objects now: 2623.
Total: 1.784100 ms (FindLiveObjects: 0.166500 ms CreateObjectMapping: 0.045000 ms MarkObjects: 1.559200 ms  DeleteObjects: 0.012500 ms)

AssetImportParameters requested are different than current active one (requested -> active):
  custom:framework-win-MediaFoundation: 216162199b28c13a410421893ffa2e32 -> 
  custom:video-decoder-ogg-theora: a1e56fd34408186e4bbccfd4996cb3dc -> 
  custom:container-muxer-webm: aa71ff27fc2769a1b78a27578f13a17b -> 
  custom:container-demuxer-webm: 4f35f7cbe854078d1ac9338744f61a02 -> 
  custom:container-demuxer-ogg: 62fdf1f143b41e24485cea50d1cbac27 -> 
  custom:video-encoder-webm-vp8: eb34c28f22e8b96e1ab97ce403110664 -> 
  custom:video-decoder-webm-vp8: 9c59270c3fd7afecdb556c50c9e8de78 -> 
  custom:audio-decoder-ogg-vorbis: bf7c407c2cedff20999df2af8eb42d56 -> 
  custom:audio-encoder-webm-vorbis: bf7c407c2cedff20999df2af8eb42d56 -> 
========================================================================
Received Import Request.
  Time since last request: 139.942285 seconds.
  path: Assets/KID/Pixel Adventure 1/Assets
  artifactKey: Guid(e7fabf8f9d1b6f6499883b9c8ad15b65) Importer(815301076,1909f56bfc062723c751e8b465ee728b)
Start importing Assets/KID/Pixel Adventure 1/Assets using Guid(e7fabf8f9d1b6f6499883b9c8ad15b65) Importer(815301076,1909f56bfc062723c751e8b465ee728b)  -> (artifact id: 'e8d115f69437d19ad461ac12d8545da7') in 0.007734 seconds 
  Import took 0.010687 seconds .

========================================================================
Received Import Request.
  Time since last request: 2.613375 seconds.
  path: Assets/KID/Pixel Adventure 1/Assets/Items
  artifactKey: Guid(45aa8edc5710be2418fa949495904348) Importer(815301076,1909f56bfc062723c751e8b465ee728b)
Start importing Assets/KID/Pixel Adventure 1/Assets/Items using Guid(45aa8edc5710be2418fa949495904348) Importer(815301076,1909f56bfc062723c751e8b465ee728b)  -> (artifact id: '5a809ba293d7eb4f64f0adebc800cf29') in 0.005693 seconds 
  Import took 0.008501 seconds .

========================================================================
Received Import Request.
  Time since last request: 0.943482 seconds.
  path: Assets/KID/Pixel Adventure 1/Assets/Terrain
  artifactKey: Guid(981bfd6ae2b036145b5cc80be601e4b5) Importer(815301076,1909f56bfc062723c751e8b465ee728b)
Start importing Assets/KID/Pixel Adventure 1/Assets/Terrain using Guid(981bfd6ae2b036145b5cc80be601e4b5) Importer(815301076,1909f56bfc062723c751e8b465ee728b)  -> (artifact id: 'b7416a990df476609086e9cc801ba194') in 0.005981 seconds 
  Import took 0.008786 seconds .

========================================================================
Received Import Request.
  Time since last request: 0.672051 seconds.
  path: Assets/KID/Pixel Adventure 1/Assets/Other
  artifactKey: Guid(9b265bbeade4a16468dc117cf3b94dd9) Importer(815301076,1909f56bfc062723c751e8b465ee728b)
Start importing Assets/KID/Pixel Adventure 1/Assets/Other using Guid(9b265bbeade4a16468dc117cf3b94dd9) Importer(815301076,1909f56bfc062723c751e8b465ee728b)  -> (artifact id: 'edb3a340035c3336b29731f3a83584fd') in 0.006106 seconds 
  Import took 0.008930 seconds .

========================================================================
Received Import Request.
  Time since last request: 0.084197 seconds.
  path: Assets/KID/Pixel Adventure 1/Assets/Other/Confetti (16x16).png
  artifactKey: Guid(84e73c5fcbc3d324a9bebf3715abc565) Importer(815301076,1909f56bfc062723c751e8b465ee728b)
Start importing Assets/KID/Pixel Adventure 1/Assets/Other/Confetti (16x16).png using Guid(84e73c5fcbc3d324a9bebf3715abc565) Importer(815301076,1909f56bfc062723c751e8b465ee728b)  -> (artifact id: 'e2497a8880519b5914ae8b96658fcfeb') in 0.041389 seconds 
  Import took 0.044248 seconds .

========================================================================
Received Import Request.
  Time since last request: 0.000114 seconds.
  path: Assets/KID/Pixel Adventure 1/Assets/Other/Dust Particle.png
  artifactKey: Guid(e7980a08b8e9f3c4bbe56762604cba98) Importer(815301076,1909f56bfc062723c751e8b465ee728b)
Start importing Assets/KID/Pixel Adventure 1/Assets/Other/Dust Particle.png using Guid(e7980a08b8e9f3c4bbe56762604cba98) Importer(815301076,1909f56bfc062723c751e8b465ee728b)  -> (artifact id: 'c52079523e952e40b6c96aa8f965c0ec') in 0.007820 seconds 
  Import took 0.010424 seconds .

========================================================================
Received Import Request.
  Time since last request: 0.000164 seconds.
  path: Assets/KID/Pixel Adventure 1/Assets/Other/Transition.png
  artifactKey: Guid(af34cad9a50a94c42b0907fd58d6f99c) Importer(815301076,1909f56bfc062723c751e8b465ee728b)
Start importing Assets/KID/Pixel Adventure 1/Assets/Other/Transition.png using Guid(af34cad9a50a94c42b0907fd58d6f99c) Importer(815301076,1909f56bfc062723c751e8b465ee728b)  -> (artifact id: 'c5eede9764bb9ab327c85196fc46da91') in 0.009205 seconds 
  Import took 0.012117 seconds .

========================================================================
Received Import Request.
  Time since last request: 6.022054 seconds.
  path: Assets/KID/Pixel Adventure 1/Assets/Traps
  artifactKey: Guid(031922c10d5cf6441a097003bc1e0c72) Importer(815301076,1909f56bfc062723c751e8b465ee728b)
Start importing Assets/KID/Pixel Adventure 1/Assets/Traps using Guid(031922c10d5cf6441a097003bc1e0c72) Importer(815301076,1909f56bfc062723c751e8b465ee728b)  -> (artifact id: '438574d288eb533cec7d96852c96b0dd') in 0.006029 seconds 
  Import took 0.008794 seconds .

========================================================================
Received Import Request.
  Time since last request: 125.044301 seconds.
  path: Assets/KID/Pixel Adventure 1/Assets/Items/Fruits/Bananas.png
  artifactKey: Guid(b1f24b3bc2e2f1d4b858657ad5c115a0) Importer(815301076,1909f56bfc062723c751e8b465ee728b)
Start importing Assets/KID/Pixel Adventure 1/Assets/Items/Fruits/Bananas.png using Guid(b1f24b3bc2e2f1d4b858657ad5c115a0) Importer(815301076,1909f56bfc062723c751e8b465ee728b)  -> (artifact id: '09bc4c8de55524c3e4ba17571c1c0b2f') in 0.021413 seconds 
  Import took 0.024295 seconds .

========================================================================
Received Import Request.
  Time since last request: 0.000121 seconds.
  path: Assets/KID/Pixel Adventure 1/Assets/Items/Fruits/Melon.png
  artifactKey: Guid(031678d507e557a41b7a16fc33bf6c39) Importer(815301076,1909f56bfc062723c751e8b465ee728b)
Start importing Assets/KID/Pixel Adventure 1/Assets/Items/Fruits/Melon.png using Guid(031678d507e557a41b7a16fc33bf6c39) Importer(815301076,1909f56bfc062723c751e8b465ee728b)  -> (artifact id: '05a4f0f2f58f57883541f1eb895a6626') in 0.026167 seconds 
  Import took 0.028756 seconds .

========================================================================
Received Import Request.
  Time since last request: 0.000139 seconds.
  path: Assets/KID/Pixel Adventure 1/Assets/Items/Fruits/Strawberry.png
  artifactKey: Guid(a2c110585eb710b408972fbc3b96136d) Importer(815301076,1909f56bfc062723c751e8b465ee728b)
Start importing Assets/KID/Pixel Adventure 1/Assets/Items/Fruits/Strawberry.png using Guid(a2c110585eb710b408972fbc3b96136d) Importer(815301076,1909f56bfc062723c751e8b465ee728b)  -> (artifact id: 'decd969b45a447531b42275845e6377f') in 0.027431 seconds 
  Import took 0.030090 seconds .

========================================================================
Received Import Request.
  Time since last request: 0.000125 seconds.
  path: Assets/KID/Pixel Adventure 1/Assets/Items/Fruits/Kiwi.png
  artifactKey: Guid(5100b75572e484e458e4340e2afe9454) Importer(815301076,1909f56bfc062723c751e8b465ee728b)
Start importing Assets/KID/Pixel Adventure 1/Assets/Items/Fruits/Kiwi.png using Guid(5100b75572e484e458e4340e2afe9454) Importer(815301076,1909f56bfc062723c751e8b465ee728b)  -> (artifact id: 'f61dea9da122642815396854e0b8003d') in 0.022393 seconds 
  Import took 0.025000 seconds .

========================================================================
Received Import Request.
  Time since last request: 0.000132 seconds.
  path: Assets/KID/Pixel Adventure 1/Assets/Items/Fruits/Collected.png
  artifactKey: Guid(be1a5bd13766ec048bab6f4c578baa0f) Importer(815301076,1909f56bfc062723c751e8b465ee728b)
Start importing Assets/KID/Pixel Adventure 1/Assets/Items/Fruits/Collected.png using Guid(be1a5bd13766ec048bab6f4c578baa0f) Importer(815301076,1909f56bfc062723c751e8b465ee728b)  -> (artifact id: '1680598c35a492ae01f7cdc0847dc2fe') in 0.014014 seconds 
  Import took 0.016949 seconds .

========================================================================
Received Import Request.
  Time since last request: 0.000157 seconds.
  path: Assets/KID/Pixel Adventure 1/Assets/Items/Fruits/Pineapple.png
  artifactKey: Guid(131e485692e27e84c86170dad18cda85) Importer(815301076,1909f56bfc062723c751e8b465ee728b)
Start importing Assets/KID/Pixel Adventure 1/Assets/Items/Fruits/Pineapple.png using Guid(131e485692e27e84c86170dad18cda85) Importer(815301076,1909f56bfc062723c751e8b465ee728b)  -> (artifact id: 'c710f0cb95f1cc2b5de815c94580c4b4') in 0.024193 seconds 
  Import took 0.027228 seconds .

========================================================================
Received Import Request.
  Time since last request: 0.000140 seconds.
  path: Assets/KID/Pixel Adventure 1/Assets/Items/Fruits/Cherries.png
  artifactKey: Guid(3d6be91968cb95546ac95aeff5e52f84) Importer(815301076,1909f56bfc062723c751e8b465ee728b)
Start importing Assets/KID/Pixel Adventure 1/Assets/Items/Fruits/Cherries.png using Guid(3d6be91968cb95546ac95aeff5e52f84) Importer(815301076,1909f56bfc062723c751e8b465ee728b)  -> (artifact id: '116b348a19c7deae219dc71a0f52f8c7') in 0.024520 seconds 
  Import took 0.027212 seconds .

========================================================================
Received Import Request.
  Time since last request: 0.000126 seconds.
  path: Assets/KID/Pixel Adventure 1/Assets/Items/Fruits/Orange.png
  artifactKey: Guid(ffc9f271fad56c243a45f100b9dc6778) Importer(815301076,1909f56bfc062723c751e8b465ee728b)
Start importing Assets/KID/Pixel Adventure 1/Assets/Items/Fruits/Orange.png using Guid(ffc9f271fad56c243a45f100b9dc6778) Importer(815301076,1909f56bfc062723c751e8b465ee728b)  -> (artifact id: 'f4b8ed0ce9d0de12518680a0ddd4649b') in 0.024597 seconds 
  Import took 0.027175 seconds .

========================================================================
Received Import Request.
  Time since last request: 0.766202 seconds.
  path: Assets/KID/Pixel Adventure 1/Assets/Main Characters/Desappearing (96x96).png
  artifactKey: Guid(99e1beacf34e67c42afd2d344aefcc3c) Importer(815301076,1909f56bfc062723c751e8b465ee728b)
Start importing Assets/KID/Pixel Adventure 1/Assets/Main Characters/Desappearing (96x96).png using Guid(99e1beacf34e67c42afd2d344aefcc3c) Importer(815301076,1909f56bfc062723c751e8b465ee728b)  -> (artifact id: '803e6a8e6f3cb0df5eb44d694bab20ff') in 0.014994 seconds 
  Import took 0.017861 seconds .

========================================================================
Received Import Request.
  Time since last request: 17.371504 seconds.
  path: Assets/KID/Pixel Adventure 1/Scenes/Demo.unity
  artifactKey: Guid(3c102db268dd2cb4e878c15c9386bc9b) Importer(815301076,1909f56bfc062723c751e8b465ee728b)
Start importing Assets/KID/Pixel Adventure 1/Scenes/Demo.unity using Guid(3c102db268dd2cb4e878c15c9386bc9b) Importer(815301076,1909f56bfc062723c751e8b465ee728b)  -> (artifact id: '0192ff76ca920b4191aa19469ecf5979') in 0.006550 seconds 
  Import took 0.009404 seconds .

========================================================================
Received Import Request.
  Time since last request: 43.345833 seconds.
  path: Assets/KID/背景音樂.mp3
  artifactKey: Guid(ee068a458f1749849be74e430759cc1b) Importer(815301076,1909f56bfc062723c751e8b465ee728b)
Start importing Assets/KID/背景音樂.mp3 using Guid(ee068a458f1749849be74e430759cc1b) Importer(815301076,1909f56bfc062723c751e8b465ee728b)  -> (artifact id: '79a25a528aef6aa0cc349a3ea1495d9e') in 0.032478 seconds 
  Import took 0.035515 seconds .

========================================================================
Received Prepare
Registering precompiled user dll's ...
Registered in 0.002963 seconds.
Begin MonoManager ReloadAssembly
Native extension for WindowsStandalone target not found
Refreshing native plugins compatible for Editor in 0.43 ms, found 3 plugins.
Preloading 0 native plugins for Editor in 0.00 ms.
Mono: successfully reloaded assembly
- Completed reload, in  0.780 seconds
Platform modules already initialized, skipping
Refreshing native plugins compatible for Editor in 0.40 ms, found 3 plugins.
Preloading 0 native plugins for Editor in 0.00 ms.
Unloading 2071 Unused Serialized files (Serialized files now loaded: 0)
System memory in use before: 96.5 MB.
System memory in use after: 96.6 MB.

Unloading 16 unused Assets to reduce memory usage. Loaded Objects now: 2634.
Total: 1.768100 ms (FindLiveObjects: 0.155600 ms CreateObjectMapping: 0.045700 ms MarkObjects: 1.553300 ms  DeleteObjects: 0.012700 ms)

AssetImportParameters requested are different than current active one (requested -> active):
  custom:framework-win-MediaFoundation: 216162199b28c13a410421893ffa2e32 -> 
  custom:video-decoder-ogg-theora: a1e56fd34408186e4bbccfd4996cb3dc -> 
  custom:container-muxer-webm: aa71ff27fc2769a1b78a27578f13a17b -> 
  custom:container-demuxer-webm: 4f35f7cbe854078d1ac9338744f61a02 -> 
  custom:container-demuxer-ogg: 62fdf1f143b41e24485cea50d1cbac27 -> 
  custom:video-encoder-webm-vp8: eb34c28f22e8b96e1ab97ce403110664 -> 
  custom:video-decoder-webm-vp8: 9c59270c3fd7afecdb556c50c9e8de78 -> 
  custom:audio-decoder-ogg-vorbis: bf7c407c2cedff20999df2af8eb42d56 -> 
  custom:audio-encoder-webm-vorbis: bf7c407c2cedff20999df2af8eb42d56 -> 
========================================================================
Received Prepare
Registering precompiled user dll's ...
Registered in 0.002997 seconds.
Begin MonoManager ReloadAssembly
Native extension for WindowsStandalone target not found
Refreshing native plugins compatible for Editor in 0.44 ms, found 3 plugins.
Preloading 0 native plugins for Editor in 0.00 ms.
Mono: successfully reloaded assembly
- Completed reload, in  0.776 seconds
Platform modules already initialized, skipping
Refreshing native plugins compatible for Editor in 0.45 ms, found 3 plugins.
Preloading 0 native plugins for Editor in 0.00 ms.
Unloading 2071 Unused Serialized files (Serialized files now loaded: 0)
System memory in use before: 96.5 MB.
System memory in use after: 96.6 MB.

Unloading 16 unused Assets to reduce memory usage. Loaded Objects now: 2638.
Total: 1.948300 ms (FindLiveObjects: 0.204700 ms CreateObjectMapping: 0.045900 ms MarkObjects: 1.680900 ms  DeleteObjects: 0.016100 ms)

AssetImportParameters requested are different than current active one (requested -> active):
  custom:framework-win-MediaFoundation: 216162199b28c13a410421893ffa2e32 -> 
  custom:video-decoder-ogg-theora: a1e56fd34408186e4bbccfd4996cb3dc -> 
  custom:container-muxer-webm: aa71ff27fc2769a1b78a27578f13a17b -> 
  custom:container-demuxer-webm: 4f35f7cbe854078d1ac9338744f61a02 -> 
  custom:container-demuxer-ogg: 62fdf1f143b41e24485cea50d1cbac27 -> 
  custom:video-encoder-webm-vp8: eb34c28f22e8b96e1ab97ce403110664 -> 
  custom:video-decoder-webm-vp8: 9c59270c3fd7afecdb556c50c9e8de78 -> 
  custom:audio-decoder-ogg-vorbis: bf7c407c2cedff20999df2af8eb42d56 -> 
  custom:audio-encoder-webm-vorbis: bf7c407c2cedff20999df2af8eb42d56 -> 
========================================================================
Received Prepare
Registering precompiled user dll's ...
Registered in 0.003001 seconds.
Begin MonoManager ReloadAssembly
Native extension for WindowsStandalone target not found
Refreshing native plugins compatible for Editor in 0.44 ms, found 3 plugins.
Preloading 0 native plugins for Editor in 0.00 ms.
Mono: successfully reloaded assembly
- Completed reload, in  0.778 seconds
Platform modules already initialized, skipping
Refreshing native plugins compatible for Editor in 0.43 ms, found 3 plugins.
Preloading 0 native plugins for Editor in 0.00 ms.
Unloading 2071 Unused Serialized files (Serialized files now loaded: 0)
System memory in use before: 96.5 MB.
System memory in use after: 96.6 MB.

Unloading 16 unused Assets to reduce memory usage. Loaded Objects now: 2642.
Total: 1.811200 ms (FindLiveObjects: 0.169600 ms CreateObjectMapping: 0.047700 ms MarkObjects: 1.579100 ms  DeleteObjects: 0.013900 ms)

AssetImportParameters requested are different than current active one (requested -> active):
  custom:framework-win-MediaFoundation: 216162199b28c13a410421893ffa2e32 -> 
  custom:video-decoder-ogg-theora: a1e56fd34408186e4bbccfd4996cb3dc -> 
  custom:container-muxer-webm: aa71ff27fc2769a1b78a27578f13a17b -> 
  custom:container-demuxer-webm: 4f35f7cbe854078d1ac9338744f61a02 -> 
  custom:container-demuxer-ogg: 62fdf1f143b41e24485cea50d1cbac27 -> 
  custom:video-encoder-webm-vp8: eb34c28f22e8b96e1ab97ce403110664 -> 
  custom:video-decoder-webm-vp8: 9c59270c3fd7afecdb556c50c9e8de78 -> 
  custom:audio-decoder-ogg-vorbis: bf7c407c2cedff20999df2af8eb42d56 -> 
  custom:audio-encoder-webm-vorbis: bf7c407c2cedff20999df2af8eb42d56 -> 
========================================================================
Received Prepare
Registering precompiled user dll's ...
Registered in 0.002934 seconds.
Begin MonoManager ReloadAssembly
Native extension for WindowsStandalone target not found
Refreshing native plugins compatible for Editor in 0.44 ms, found 3 plugins.
Preloading 0 native plugins for Editor in 0.00 ms.
Mono: successfully reloaded assembly
- Completed reload, in  0.777 seconds
Platform modules already initialized, skipping
Refreshing native plugins compatible for Editor in 0.43 ms, found 3 plugins.
Preloading 0 native plugins for Editor in 0.00 ms.
Unloading 2071 Unused Serialized files (Serialized files now loaded: 0)
System memory in use before: 96.5 MB.
System memory in use after: 96.6 MB.

Unloading 16 unused Assets to reduce memory usage. Loaded Objects now: 2646.
Total: 1.863900 ms (FindLiveObjects: 0.196300 ms CreateObjectMapping: 0.047500 ms MarkObjects: 1.606400 ms  DeleteObjects: 0.012600 ms)

AssetImportParameters requested are different than current active one (requested -> active):
  custom:framework-win-MediaFoundation: 216162199b28c13a410421893ffa2e32 -> 
  custom:video-decoder-ogg-theora: a1e56fd34408186e4bbccfd4996cb3dc -> 
  custom:container-muxer-webm: aa71ff27fc2769a1b78a27578f13a17b -> 
  custom:container-demuxer-webm: 4f35f7cbe854078d1ac9338744f61a02 -> 
  custom:container-demuxer-ogg: 62fdf1f143b41e24485cea50d1cbac27 -> 
  custom:video-encoder-webm-vp8: eb34c28f22e8b96e1ab97ce403110664 -> 
  custom:video-decoder-webm-vp8: 9c59270c3fd7afecdb556c50c9e8de78 -> 
  custom:audio-decoder-ogg-vorbis: bf7c407c2cedff20999df2af8eb42d56 -> 
  custom:audio-encoder-webm-vorbis: bf7c407c2cedff20999df2af8eb42d56 -> 
========================================================================
Received Prepare
Registering precompiled user dll's ...
Registered in 0.002977 seconds.
Begin MonoManager ReloadAssembly
Native extension for WindowsStandalone target not found
Refreshing native plugins compatible for Editor in 0.44 ms, found 3 plugins.
Preloading 0 native plugins for Editor in 0.00 ms.
Mono: successfully reloaded assembly
- Completed reload, in  0.789 seconds
Platform modules already initialized, skipping
Refreshing native plugins compatible for Editor in 0.36 ms, found 3 plugins.
Preloading 0 native plugins for Editor in 0.00 ms.
Unloading 2071 Unused Serialized files (Serialized files now loaded: 0)
System memory in use before: 96.5 MB.
System memory in use after: 96.6 MB.

Unloading 16 unused Assets to reduce memory usage. Loaded Objects now: 2650.
Total: 1.841700 ms (FindLiveObjects: 0.205400 ms CreateObjectMapping: 0.046600 ms MarkObjects: 1.575400 ms  DeleteObjects: 0.013500 ms)

AssetImportParameters requested are different than current active one (requested -> active):
  custom:framework-win-MediaFoundation: 216162199b28c13a410421893ffa2e32 -> 
  custom:video-decoder-ogg-theora: a1e56fd34408186e4bbccfd4996cb3dc -> 
  custom:container-muxer-webm: aa71ff27fc2769a1b78a27578f13a17b -> 
  custom:container-demuxer-webm: 4f35f7cbe854078d1ac9338744f61a02 -> 
  custom:container-demuxer-ogg: 62fdf1f143b41e24485cea50d1cbac27 -> 
  custom:video-encoder-webm-vp8: eb34c28f22e8b96e1ab97ce403110664 -> 
  custom:video-decoder-webm-vp8: 9c59270c3fd7afecdb556c50c9e8de78 -> 
  custom:audio-decoder-ogg-vorbis: bf7c407c2cedff20999df2af8eb42d56 -> 
  custom:audio-encoder-webm-vorbis: bf7c407c2cedff20999df2af8eb42d56 -> 
========================================================================
Received Prepare
Registering precompiled user dll's ...
Registered in 0.002980 seconds.
Begin MonoManager ReloadAssembly
Native extension for WindowsStandalone target not found
Refreshing native plugins compatible for Editor in 0.40 ms, found 3 plugins.
Preloading 0 native plugins for Editor in 0.00 ms.
Mono: successfully reloaded assembly
- Completed reload, in  0.784 seconds
Platform modules already initialized, skipping
Refreshing native plugins compatible for Editor in 0.42 ms, found 3 plugins.
Preloading 0 native plugins for Editor in 0.00 ms.
Unloading 2071 Unused Serialized files (Serialized files now loaded: 0)
System memory in use before: 96.5 MB.
System memory in use after: 96.6 MB.

Unloading 16 unused Assets to reduce memory usage. Loaded Objects now: 2654.
Total: 1.831900 ms (FindLiveObjects: 0.200600 ms CreateObjectMapping: 0.045700 ms MarkObjects: 1.572800 ms  DeleteObjects: 0.012200 ms)

AssetImportParameters requested are different than current active one (requested -> active):
  custom:framework-win-MediaFoundation: 216162199b28c13a410421893ffa2e32 -> 
  custom:video-decoder-ogg-theora: a1e56fd34408186e4bbccfd4996cb3dc -> 
  custom:container-muxer-webm: aa71ff27fc2769a1b78a27578f13a17b -> 
  custom:container-demuxer-webm: 4f35f7cbe854078d1ac9338744f61a02 -> 
  custom:container-demuxer-ogg: 62fdf1f143b41e24485cea50d1cbac27 -> 
  custom:video-encoder-webm-vp8: eb34c28f22e8b96e1ab97ce403110664 -> 
  custom:video-decoder-webm-vp8: 9c59270c3fd7afecdb556c50c9e8de78 -> 
  custom:audio-decoder-ogg-vorbis: bf7c407c2cedff20999df2af8eb42d56 -> 
  custom:audio-encoder-webm-vorbis: bf7c407c2cedff20999df2af8eb42d56 -> 
========================================================================
Received Prepare
Registering precompiled user dll's ...
Registered in 0.002969 seconds.
Begin MonoManager ReloadAssembly
Native extension for WindowsStandalone target not found
Refreshing native plugins compatible for Editor in 0.45 ms, found 3 plugins.
Preloading 0 native plugins for Editor in 0.00 ms.
Mono: successfully reloaded assembly
- Completed reload, in  0.789 seconds
Platform modules already initialized, skipping
Refreshing native plugins compatible for Editor in 0.43 ms, found 3 plugins.
Preloading 0 native plugins for Editor in 0.00 ms.
Unloading 2071 Unused Serialized files (Serialized files now loaded: 0)
System memory in use before: 96.5 MB.
System memory in use after: 96.6 MB.

Unloading 16 unused Assets to reduce memory usage. Loaded Objects now: 2658.
Total: 1.973000 ms (FindLiveObjects: 0.200900 ms CreateObjectMapping: 0.047700 ms MarkObjects: 1.708000 ms  DeleteObjects: 0.015300 ms)

AssetImportParameters requested are different than current active one (requested -> active):
  custom:framework-win-MediaFoundation: 216162199b28c13a410421893ffa2e32 -> 
  custom:video-decoder-ogg-theora: a1e56fd34408186e4bbccfd4996cb3dc -> 
  custom:container-muxer-webm: aa71ff27fc2769a1b78a27578f13a17b -> 
  custom:container-demuxer-webm: 4f35f7cbe854078d1ac9338744f61a02 -> 
  custom:container-demuxer-ogg: 62fdf1f143b41e24485cea50d1cbac27 -> 
  custom:video-encoder-webm-vp8: eb34c28f22e8b96e1ab97ce403110664 -> 
  custom:video-decoder-webm-vp8: 9c59270c3fd7afecdb556c50c9e8de78 -> 
  custom:audio-decoder-ogg-vorbis: bf7c407c2cedff20999df2af8eb42d56 -> 
  custom:audio-encoder-webm-vorbis: bf7c407c2cedff20999df2af8eb42d56 -> 
========================================================================
Received Prepare
Registering precompiled user dll's ...
Registered in 0.002901 seconds.
Begin MonoManager ReloadAssembly
Native extension for WindowsStandalone target not found
Refreshing native plugins compatible for Editor in 0.50 ms, found 3 plugins.
Preloading 0 native plugins for Editor in 0.00 ms.
Mono: successfully reloaded assembly
- Completed reload, in  0.769 seconds
Platform modules already initialized, skipping
Refreshing native plugins compatible for Editor in 0.43 ms, found 3 plugins.
Preloading 0 native plugins for Editor in 0.00 ms.
Unloading 2071 Unused Serialized files (Serialized files now loaded: 0)
System memory in use before: 96.5 MB.
System memory in use after: 96.7 MB.

Unloading 16 unused Assets to reduce memory usage. Loaded Objects now: 2662.
Total: 1.835200 ms (FindLiveObjects: 0.206700 ms CreateObjectMapping: 0.046000 ms MarkObjects: 1.569200 ms  DeleteObjects: 0.012500 ms)

AssetImportParameters requested are different than current active one (requested -> active):
  custom:framework-win-MediaFoundation: 216162199b28c13a410421893ffa2e32 -> 
  custom:video-decoder-ogg-theora: a1e56fd34408186e4bbccfd4996cb3dc -> 
  custom:container-muxer-webm: aa71ff27fc2769a1b78a27578f13a17b -> 
  custom:container-demuxer-webm: 4f35f7cbe854078d1ac9338744f61a02 -> 
  custom:container-demuxer-ogg: 62fdf1f143b41e24485cea50d1cbac27 -> 
  custom:video-encoder-webm-vp8: eb34c28f22e8b96e1ab97ce403110664 -> 
  custom:video-decoder-webm-vp8: 9c59270c3fd7afecdb556c50c9e8de78 -> 
  custom:audio-decoder-ogg-vorbis: bf7c407c2cedff20999df2af8eb42d56 -> 
  custom:audio-encoder-webm-vorbis: bf7c407c2cedff20999df2af8eb42d56 -> 
========================================================================
Received Prepare
Registering precompiled user dll's ...
Registered in 0.002881 seconds.
Begin MonoManager ReloadAssembly
Native extension for WindowsStandalone target not found
Refreshing native plugins compatible for Editor in 0.48 ms, found 3 plugins.
Preloading 0 native plugins for Editor in 0.00 ms.
Mono: successfully reloaded assembly
- Completed reload, in  0.780 seconds
Platform modules already initialized, skipping
Refreshing native plugins compatible for Editor in 0.47 ms, found 3 plugins.
Preloading 0 native plugins for Editor in 0.00 ms.
Unloading 2071 Unused Serialized files (Serialized files now loaded: 0)
System memory in use before: 96.5 MB.
System memory in use after: 96.7 MB.

Unloading 16 unused Assets to reduce memory usage. Loaded Objects now: 2666.
Total: 1.875800 ms (FindLiveObjects: 0.189800 ms CreateObjectMapping: 0.047800 ms MarkObjects: 1.623900 ms  DeleteObjects: 0.013400 ms)

AssetImportParameters requested are different than current active one (requested -> active):
  custom:framework-win-MediaFoundation: 216162199b28c13a410421893ffa2e32 -> 
  custom:video-decoder-ogg-theora: a1e56fd34408186e4bbccfd4996cb3dc -> 
  custom:container-muxer-webm: aa71ff27fc2769a1b78a27578f13a17b -> 
  custom:container-demuxer-webm: 4f35f7cbe854078d1ac9338744f61a02 -> 
  custom:container-demuxer-ogg: 62fdf1f143b41e24485cea50d1cbac27 -> 
  custom:video-encoder-webm-vp8: eb34c28f22e8b96e1ab97ce403110664 -> 
  custom:video-decoder-webm-vp8: 9c59270c3fd7afecdb556c50c9e8de78 -> 
  custom:audio-decoder-ogg-vorbis: bf7c407c2cedff20999df2af8eb42d56 -> 
  custom:audio-encoder-webm-vorbis: bf7c407c2cedff20999df2af8eb42d56 -> 
========================================================================
Received Prepare
Registering precompiled user dll's ...
Registered in 0.002986 seconds.
Begin MonoManager ReloadAssembly
Native extension for WindowsStandalone target not found
Refreshing native plugins compatible for Editor in 0.44 ms, found 3 plugins.
Preloading 0 native plugins for Editor in 0.00 ms.
Mono: successfully reloaded assembly
- Completed reload, in  0.785 seconds
Platform modules already initialized, skipping
Refreshing native plugins compatible for Editor in 0.46 ms, found 3 plugins.
Preloading 0 native plugins for Editor in 0.00 ms.
Unloading 2071 Unused Serialized files (Serialized files now loaded: 0)
System memory in use before: 96.6 MB.
System memory in use after: 96.7 MB.

Unloading 16 unused Assets to reduce memory usage. Loaded Objects now: 2670.
Total: 1.913600 ms (FindLiveObjects: 0.215600 ms CreateObjectMapping: 0.046900 ms MarkObjects: 1.635600 ms  DeleteObjects: 0.014400 ms)

AssetImportParameters requested are different than current active one (requested -> active):
  custom:framework-win-MediaFoundation: 216162199b28c13a410421893ffa2e32 -> 
  custom:video-decoder-ogg-theora: a1e56fd34408186e4bbccfd4996cb3dc -> 
  custom:container-muxer-webm: aa71ff27fc2769a1b78a27578f13a17b -> 
  custom:container-demuxer-webm: 4f35f7cbe854078d1ac9338744f61a02 -> 
  custom:container-demuxer-ogg: 62fdf1f143b41e24485cea50d1cbac27 -> 
  custom:video-encoder-webm-vp8: eb34c28f22e8b96e1ab97ce403110664 -> 
  custom:video-decoder-webm-vp8: 9c59270c3fd7afecdb556c50c9e8de78 -> 
  custom:audio-decoder-ogg-vorbis: bf7c407c2cedff20999df2af8eb42d56 -> 
  custom:audio-encoder-webm-vorbis: bf7c407c2cedff20999df2af8eb42d56 -> 
========================================================================
Received Prepare
Registering precompiled user dll's ...
Registered in 0.002983 seconds.
Begin MonoManager ReloadAssembly
Native extension for WindowsStandalone target not found
Refreshing native plugins compatible for Editor in 0.44 ms, found 3 plugins.
Preloading 0 native plugins for Editor in 0.00 ms.
Mono: successfully reloaded assembly
- Completed reload, in  0.791 seconds
Platform modules already initialized, skipping
Refreshing native plugins compatible for Editor in 0.44 ms, found 3 plugins.
Preloading 0 native plugins for Editor in 0.00 ms.
Unloading 2071 Unused Serialized files (Serialized files now loaded: 0)
System memory in use before: 96.6 MB.
System memory in use after: 96.7 MB.

Unloading 16 unused Assets to reduce memory usage. Loaded Objects now: 2674.
Total: 1.994900 ms (FindLiveObjects: 0.217000 ms CreateObjectMapping: 0.047000 ms MarkObjects: 1.715400 ms  DeleteObjects: 0.014500 ms)

AssetImportParameters requested are different than current active one (requested -> active):
  custom:framework-win-MediaFoundation: 216162199b28c13a410421893ffa2e32 -> 
  custom:video-decoder-ogg-theora: a1e56fd34408186e4bbccfd4996cb3dc -> 
  custom:container-muxer-webm: aa71ff27fc2769a1b78a27578f13a17b -> 
  custom:container-demuxer-webm: 4f35f7cbe854078d1ac9338744f61a02 -> 
  custom:container-demuxer-ogg: 62fdf1f143b41e24485cea50d1cbac27 -> 
  custom:video-encoder-webm-vp8: eb34c28f22e8b96e1ab97ce403110664 -> 
  custom:video-decoder-webm-vp8: 9c59270c3fd7afecdb556c50c9e8de78 -> 
  custom:audio-decoder-ogg-vorbis: bf7c407c2cedff20999df2af8eb42d56 -> 
  custom:audio-encoder-webm-vorbis: bf7c407c2cedff20999df2af8eb42d56 -> 
========================================================================
Received Prepare
Registering precompiled user dll's ...
Registered in 0.002882 seconds.
Begin MonoManager ReloadAssembly
Native extension for WindowsStandalone target not found
Refreshing native plugins compatible for Editor in 0.44 ms, found 3 plugins.
Preloading 0 native plugins for Editor in 0.00 ms.
Mono: successfully reloaded assembly
- Completed reload, in  0.782 seconds
Platform modules already initialized, skipping
Refreshing native plugins compatible for Editor in 0.42 ms, found 3 plugins.
Preloading 0 native plugins for Editor in 0.00 ms.
Unloading 2071 Unused Serialized files (Serialized files now loaded: 0)
System memory in use before: 96.6 MB.
System memory in use after: 96.7 MB.

Unloading 16 unused Assets to reduce memory usage. Loaded Objects now: 2678.
Total: 1.809300 ms (FindLiveObjects: 0.201700 ms CreateObjectMapping: 0.048200 ms MarkObjects: 1.546700 ms  DeleteObjects: 0.012000 ms)

AssetImportParameters requested are different than current active one (requested -> active):
  custom:framework-win-MediaFoundation: 216162199b28c13a410421893ffa2e32 -> 
  custom:video-decoder-ogg-theora: a1e56fd34408186e4bbccfd4996cb3dc -> 
  custom:container-muxer-webm: aa71ff27fc2769a1b78a27578f13a17b -> 
  custom:container-demuxer-webm: 4f35f7cbe854078d1ac9338744f61a02 -> 
  custom:container-demuxer-ogg: 62fdf1f143b41e24485cea50d1cbac27 -> 
  custom:video-encoder-webm-vp8: eb34c28f22e8b96e1ab97ce403110664 -> 
  custom:video-decoder-webm-vp8: 9c59270c3fd7afecdb556c50c9e8de78 -> 
  custom:audio-decoder-ogg-vorbis: bf7c407c2cedff20999df2af8eb42d56 -> 
  custom:audio-encoder-webm-vorbis: bf7c407c2cedff20999df2af8eb42d56 -> 
========================================================================
Received Prepare
Registering precompiled user dll's ...
Registered in 0.002999 seconds.
Begin MonoManager ReloadAssembly
Native extension for WindowsStandalone target not found
Refreshing native plugins compatible for Editor in 0.37 ms, found 3 plugins.
Preloading 0 native plugins for Editor in 0.00 ms.
Mono: successfully reloaded assembly
- Completed reload, in  0.791 seconds
Platform modules already initialized, skipping
Refreshing native plugins compatible for Editor in 0.36 ms, found 3 plugins.
Preloading 0 native plugins for Editor in 0.00 ms.
Unloading 2071 Unused Serialized files (Serialized files now loaded: 0)
System memory in use before: 96.6 MB.
System memory in use after: 96.7 MB.

Unloading 16 unused Assets to reduce memory usage. Loaded Objects now: 2682.
Total: 1.911100 ms (FindLiveObjects: 0.226300 ms CreateObjectMapping: 0.047000 ms MarkObjects: 1.623700 ms  DeleteObjects: 0.013100 ms)

AssetImportParameters requested are different than current active one (requested -> active):
  custom:framework-win-MediaFoundation: 216162199b28c13a410421893ffa2e32 -> 
  custom:video-decoder-ogg-theora: a1e56fd34408186e4bbccfd4996cb3dc -> 
  custom:container-muxer-webm: aa71ff27fc2769a1b78a27578f13a17b -> 
  custom:container-demuxer-webm: 4f35f7cbe854078d1ac9338744f61a02 -> 
  custom:container-demuxer-ogg: 62fdf1f143b41e24485cea50d1cbac27 -> 
  custom:video-encoder-webm-vp8: eb34c28f22e8b96e1ab97ce403110664 -> 
  custom:video-decoder-webm-vp8: 9c59270c3fd7afecdb556c50c9e8de78 -> 
  custom:audio-decoder-ogg-vorbis: bf7c407c2cedff20999df2af8eb42d56 -> 
  custom:audio-encoder-webm-vorbis: bf7c407c2cedff20999df2af8eb42d56 -> 
========================================================================
Received Prepare
Registering precompiled user dll's ...
Registered in 0.002845 seconds.
Begin MonoManager ReloadAssembly
Native extension for WindowsStandalone target not found
Refreshing native plugins compatible for Editor in 0.43 ms, found 3 plugins.
Preloading 0 native plugins for Editor in 0.00 ms.
Mono: successfully reloaded assembly
- Completed reload, in  0.767 seconds
Platform modules already initialized, skipping
Refreshing native plugins compatible for Editor in 0.41 ms, found 3 plugins.
Preloading 0 native plugins for Editor in 0.00 ms.
Unloading 2071 Unused Serialized files (Serialized files now loaded: 0)
System memory in use before: 96.6 MB.
System memory in use after: 96.7 MB.

Unloading 16 unused Assets to reduce memory usage. Loaded Objects now: 2686.
Total: 1.779400 ms (FindLiveObjects: 0.163700 ms CreateObjectMapping: 0.048400 ms MarkObjects: 1.554800 ms  DeleteObjects: 0.011700 ms)

AssetImportParameters requested are different than current active one (requested -> active):
  custom:framework-win-MediaFoundation: 216162199b28c13a410421893ffa2e32 -> 
  custom:video-decoder-ogg-theora: a1e56fd34408186e4bbccfd4996cb3dc -> 
  custom:container-muxer-webm: aa71ff27fc2769a1b78a27578f13a17b -> 
  custom:container-demuxer-webm: 4f35f7cbe854078d1ac9338744f61a02 -> 
  custom:container-demuxer-ogg: 62fdf1f143b41e24485cea50d1cbac27 -> 
  custom:video-encoder-webm-vp8: eb34c28f22e8b96e1ab97ce403110664 -> 
  custom:video-decoder-webm-vp8: 9c59270c3fd7afecdb556c50c9e8de78 -> 
  custom:audio-decoder-ogg-vorbis: bf7c407c2cedff20999df2af8eb42d56 -> 
  custom:audio-encoder-webm-vorbis: bf7c407c2cedff20999df2af8eb42d56 -> 
AssetImportWorkerClient::OnTransportError - code=2 error=End of file
